--------------------------------------------------------------------------------
ModelTest-NG v0.1.7

Input data:
  MSA:        concatenated_mito.fa
  Tree:       Maximum likelihood
    file:           -
  #taxa:            35
  #sites:           1469
  #patterns:        1323
  Max. thread mem:  109 MB

Output:
  Log:           concatenated_mito.fa.log
  Starting tree: concatenated_mito.fa.tree
  Results:       concatenated_mito.fa.out

Selection options:
  # protein matrices: 19
  # protein models:   152
  include model parameters:
    Uniform:         true
    p-inv (+I):      true
    gamma (+G):      true
    both (+I+G):     true
    free rates (+R): false
    fixed freqs:     true
    estimated freqs: false
    #categories:     4
  gamma rates mode:   mean
  asc bias:           none
  epsilon (opt):      0.01
  epsilon (par):      0.05
  keep branches:      false

Additional options:
  verbosity:        very low
  threads:          2/4
  RNG seed:         12345
  subtree repeats:  enabled
--------------------------------------------------------------------------------

BIC       model              K            lnL          score          delta    weight
--------------------------------------------------------------------------------
       1  MTZOA+I+G4         2    -34268.9562     69041.0836         0.0000    1.0000
       2  MTZOA+G4           1    -34292.7400     69081.3590        40.2753    0.0000
       3  MTART+I+G4         2    -34641.0692     69785.3097       744.2260    0.0000
       4  MTART+G4           1    -34660.5766     69817.0321       775.9484    0.0000
       5  LG+I+G4            2    -34687.8503     69878.8718       837.7882    0.0000
       6  CPREV+I+G4         2    -34694.7427     69892.6566       851.5730    0.0000
       7  PMB+I+G4           2    -34700.4321     69904.0356       862.9519    0.0000
       8  LG+G4              1    -34740.4291     69976.7370       935.6534    0.0000
       9  CPREV+G4           1    -34750.6431     69997.1652       956.0816    0.0000
      10  PMB+G4             1    -34766.0079     70027.8947       986.8110    0.0000
--------------------------------------------------------------------------------
Best model according to BIC
---------------------------
Model:              MTZOA+I+G4
lnL:                -34268.9562
Frequencies:        0.0689 0.0210 0.0304 0.0207 0.0100 0.0186 0.0250 0.0720 0.0268 0.0851 0.1567 0.0193 0.0507 0.0817 0.0448 0.0805 0.0564 0.0280 0.0374 0.0661
Inv. sites prop:    0.0624
Gamma shape:        0.9500
Score:              69041.0836
Weight:             1.0000
---------------------------
Parameter importances
---------------------------
P.Inv:              -
Gamma:              0.0000
Gamma-Inv:          1.0000
Frequencies:        -
---------------------------
Model averaged estimates
---------------------------
P.Inv:              -
Alpha:              0.6702
Alpha-P.Inv:        0.9500
P.Inv-Alpha:        0.0624
Frequencies:        -

Commands:
  > phyml  -i concatenated_mito.fa -d aa -m MTZOA -f m -v e -a e -c 4 -o tlr
  > raxmlHPC-SSE3 -s concatenated_mito.fa -m PROTGAMMAIMTZOA -n EXEC_NAME -p PARSIMONY_SEED
  > raxml-ng --msa concatenated_mito.fa --model MTZOA+I+G4
  > paup -s concatenated_mito.fa
  > iqtree -s concatenated_mito.fa -m MTZOA+I+G4

AIC       model              K            lnL          score          delta    weight
--------------------------------------------------------------------------------
       1  MTZOA+I+G4         2    -34268.9562     68675.9124         0.0000    1.0000
       2  MTZOA+G4           1    -34292.7400     68721.4800        45.5676    0.0000
       3  MTART+I+G4         2    -34641.0692     69420.1384       744.2260    0.0000
       4  MTART+G4           1    -34660.5766     69457.1532       781.2408    0.0000
       5  LG+I+G4            2    -34687.8503     69513.7006       837.7882    0.0000
       6  CPREV+I+G4         2    -34694.7427     69527.4853       851.5730    0.0000
       7  PMB+I+G4           2    -34700.4321     69538.8643       862.9519    0.0000
       8  LG+G4              1    -34740.4291     69616.8581       940.9457    0.0000
       9  CPREV+G4           1    -34750.6431     69637.2863       961.3739    0.0000
      10  PMB+G4             1    -34766.0079     69668.0157       992.1034    0.0000
--------------------------------------------------------------------------------
Best model according to AIC
---------------------------
Model:              MTZOA+I+G4
lnL:                -34268.9562
Frequencies:        0.0689 0.0210 0.0304 0.0207 0.0100 0.0186 0.0250 0.0720 0.0268 0.0851 0.1567 0.0193 0.0507 0.0817 0.0448 0.0805 0.0564 0.0280 0.0374 0.0661
Inv. sites prop:    0.0624
Gamma shape:        0.9500
Score:              68675.9124
Weight:             1.0000
---------------------------
Parameter importances
---------------------------
P.Inv:              -
Gamma:              0.0000
Gamma-Inv:          1.0000
Frequencies:        -
---------------------------
Model averaged estimates
---------------------------
P.Inv:              -
Alpha:              0.6702
Alpha-P.Inv:        0.9500
P.Inv-Alpha:        0.0624
Frequencies:        -

Commands:
  > phyml  -i concatenated_mito.fa -d aa -m MTZOA -f m -v e -a e -c 4 -o tlr
  > raxmlHPC-SSE3 -s concatenated_mito.fa -m PROTGAMMAIMTZOA -n EXEC_NAME -p PARSIMONY_SEED
  > raxml-ng --msa concatenated_mito.fa --model MTZOA+I+G4
  > paup -s concatenated_mito.fa
  > iqtree -s concatenated_mito.fa -m MTZOA+I+G4

AICc      model              K            lnL          score          delta    weight
--------------------------------------------------------------------------------
       1  MTZOA+I+G4         2    -34268.9562     68681.9124         0.0000    1.0000
       2  MTZOA+G4           1    -34292.7400     68727.4800        45.5676    0.0000
       3  MTART+I+G4         2    -34641.0692     69426.1384       744.2260    0.0000
       4  MTART+G4           1    -34660.5766     69463.1532       781.2408    0.0000
       5  LG+I+G4            2    -34687.8503     69519.7006       837.7882    0.0000
       6  CPREV+I+G4         2    -34694.7427     69533.4853       851.5730    0.0000
       7  PMB+I+G4           2    -34700.4321     69544.8643       862.9519    0.0000
       8  LG+G4              1    -34740.4291     69622.8581       940.9457    0.0000
       9  CPREV+G4           1    -34750.6431     69643.2863       961.3739    0.0000
      10  PMB+G4             1    -34766.0079     69674.0157       992.1034    0.0000
--------------------------------------------------------------------------------
Best model according to AICc
---------------------------
Model:              MTZOA+I+G4
lnL:                -34268.9562
Frequencies:        0.0689 0.0210 0.0304 0.0207 0.0100 0.0186 0.0250 0.0720 0.0268 0.0851 0.1567 0.0193 0.0507 0.0817 0.0448 0.0805 0.0564 0.0280 0.0374 0.0661
Inv. sites prop:    0.0624
Gamma shape:        0.9500
Score:              68681.9124
Weight:             1.0000
---------------------------
Parameter importances
---------------------------
P.Inv:              -
Gamma:              0.0000
Gamma-Inv:          1.0000
Frequencies:        -
---------------------------
Model averaged estimates
---------------------------
P.Inv:              -
Alpha:              0.6702
Alpha-P.Inv:        0.9500
P.Inv-Alpha:        0.0624
Frequencies:        -

Commands:
  > phyml  -i concatenated_mito.fa -d aa -m MTZOA -f m -v e -a e -c 4 -o tlr
  > raxmlHPC-SSE3 -s concatenated_mito.fa -m PROTGAMMAIMTZOA -n EXEC_NAME -p PARSIMONY_SEED
  > raxml-ng --msa concatenated_mito.fa --model MTZOA+I+G4
  > paup -s concatenated_mito.fa
  > iqtree -s concatenated_mito.fa -m MTZOA+I+G4
Done
